# JRE version: Java(TM) SE Runtime Environment (7.0_45-b18) (build 1.7.0_45-b18)
# Java VM: Java HotSpot(TM) 64-Bit Server VM (24.45-b08 mixed mode windows-amd64 compressed oops)
Heap
 PSYoungGen      total 282624K, used 208939K [0x00000007a8900000, 0x00000007bb100000, 0x0000000800000000)
  eden space 264192K, 73% used [0x00000007a8900000,0x00000007b473dc50,0x00000007b8b00000)
  from space 18432K, 76% used [0x00000007b9f00000,0x00000007baccd1c0,0x00000007bb100000)
  to   space 19456K, 0% used [0x00000007b8b00000,0x00000007b8b00000,0x00000007b9e00000)
 ParOldGen       total 175104K, used 19694K [0x00000006f9c00000, 0x0000000704700000, 0x00000007a8900000)
  object space 175104K, 11% used [0x00000006f9c00000,0x00000006faf3b978,0x0000000704700000)
 PSPermGen       total 21504K, used 14937K [0x00000006f4a00000, 0x00000006f5f00000, 0x00000006f9c00000)
  object space 21504K, 69% used [0x00000006f4a00000,0x00000006f5896720,0x00000006f5f00000)
GC Heap History (10 events):
Event: 116.603 GC heap before
{Heap before GC invocations=2 (full 0):
 PSYoungGen      total 76800K, used 76771K [0x00000007a8900000, 0x00000007ade80000, 0x0000000800000000)
  eden space 66048K, 100% used [0x00000007a8900000,0x00000007ac980000,0x00000007ac980000)
  from space 10752K, 99% used [0x00000007ac980000,0x00000007ad3f8e60,0x00000007ad400000)
  to   space 10752K, 0% used [0x00000007ad400000,0x00000007ad400000,0x00000007ade80000)
 ParOldGen       total 175104K, used 7646K [0x00000006f9c00000, 0x0000000704700000, 0x00000007a8900000)
  object space 175104K, 4% used [0x00000006f9c00000,0x00000006fa377b20,0x0000000704700000)
 PSPermGen       total 21504K, used 14603K [0x00000006f4a00000, 0x00000006f5f00000, 0x00000006f9c00000)
  object space 21504K, 67% used [0x00000006f4a00000,0x00000006f5842ce8,0x00000006f5f00000)
Event: 116.640 GC heap after
Heap after GC invocations=2 (full 0):
 PSYoungGen      total 76800K, used 10727K [0x00000007a8900000, 0x00000007ade80000, 0x0000000800000000)
  eden space 66048K, 0% used [0x00000007a8900000,0x00000007a8900000,0x00000007ac980000)
  from space 10752K, 99% used [0x00000007ad400000,0x00000007ade79cd8,0x00000007ade80000)
  to   space 10752K, 0% used [0x00000007ac980000,0x00000007ac980000,0x00000007ad400000)
 ParOldGen       total 175104K, used 15072K [0x00000006f9c00000, 0x0000000704700000, 0x00000007a8900000)
  object space 175104K, 8% used [0x00000006f9c00000,0x00000006faab8298,0x0000000704700000)
 PSPermGen       total 21504K, used 14603K [0x00000006f4a00000, 0x00000006f5f00000, 0x00000006f9c00000)
  object space 21504K, 67% used [0x00000006f4a00000,0x00000006f5842ce8,0x00000006f5f00000)
}
Event: 117.053 GC heap before
{Heap before GC invocations=3 (full 0):
 PSYoungGen      total 76800K, used 76775K [0x00000007a8900000, 0x00000007ade80000, 0x0000000800000000)
  eden space 66048K, 100% used [0x00000007a8900000,0x00000007ac980000,0x00000007ac980000)
  from space 10752K, 99% used [0x00000007ad400000,0x00000007ade79cd8,0x00000007ade80000)
  to   space 10752K, 0% used [0x00000007ac980000,0x00000007ac980000,0x00000007ad400000)
 ParOldGen       total 175104K, used 15072K [0x00000006f9c00000, 0x0000000704700000, 0x00000007a8900000)
  object space 175104K, 8% used [0x00000006f9c00000,0x00000006faab8298,0x0000000704700000)
 PSPermGen       total 21504K, used 14618K [0x00000006f4a00000, 0x00000006f5f00000, 0x00000006f9c00000)
  object space 21504K, 67% used [0x00000006f4a00000,0x00000006f5846a68,0x00000006f5f00000)
Event: 117.067 GC heap after
Heap after GC invocations=3 (full 0):
 PSYoungGen      total 76800K, used 10751K [0x00000007a8900000, 0x00000007b1f00000, 0x0000000800000000)
  eden space 66048K, 0% used [0x00000007a8900000,0x00000007a8900000,0x00000007ac980000)
  from space 10752K, 99% used [0x00000007ac980000,0x00000007ad3ffdd8,0x00000007ad400000)
  to   space 10752K, 0% used [0x00000007b1480000,0x00000007b1480000,0x00000007b1f00000)
 ParOldGen       total 175104K, used 16007K [0x00000006f9c00000, 0x0000000704700000, 0x00000007a8900000)
  object space 175104K, 9% used [0x00000006f9c00000,0x00000006faba1c60,0x0000000704700000)
 PSPermGen       total 21504K, used 14618K [0x00000006f4a00000, 0x00000006f5f00000, 0x00000006f9c00000)
  object space 21504K, 67% used [0x00000006f4a00000,0x00000006f5846a68,0x00000006f5f00000)
}
Event: 117.386 GC heap before
{Heap before GC invocations=4 (full 0):
 PSYoungGen      total 76800K, used 76799K [0x00000007a8900000, 0x00000007b1f00000, 0x0000000800000000)
  eden space 66048K, 100% used [0x00000007a8900000,0x00000007ac980000,0x00000007ac980000)
  from space 10752K, 99% used [0x00000007ac980000,0x00000007ad3ffdd8,0x00000007ad400000)
  to   space 10752K, 0% used [0x00000007b1480000,0x00000007b1480000,0x00000007b1f00000)
 ParOldGen       total 175104K, used 16007K [0x00000006f9c00000, 0x0000000704700000, 0x00000007a8900000)
  object space 175104K, 9% used [0x00000006f9c00000,0x00000006faba1c60,0x0000000704700000)
 PSPermGen       total 21504K, used 14621K [0x00000006f4a00000, 0x00000006f5f00000, 0x00000006f9c00000)
  object space 21504K, 67% used [0x00000006f4a00000,0x00000006f5847458,0x00000006f5f00000)
Event: 117.412 GC heap after
Heap after GC invocations=4 (full 0):
 PSYoungGen      total 142848K, used 10751K [0x00000007a8900000, 0x00000007b1f00000, 0x0000000800000000)
  eden space 132096K, 0% used [0x00000007a8900000,0x00000007a8900000,0x00000007b0a00000)
  from space 10752K, 99% used [0x00000007b1480000,0x00000007b1effdd8,0x00000007b1f00000)
  to   space 10752K, 0% used [0x00000007b0a00000,0x00000007b0a00000,0x00000007b1480000)
 ParOldGen       total 175104K, used 17496K [0x00000006f9c00000, 0x0000000704700000, 0x00000007a8900000)
  object space 175104K, 9% used [0x00000006f9c00000,0x00000006fad16010,0x0000000704700000)
 PSPermGen       total 21504K, used 14621K [0x00000006f4a00000, 0x00000006f5f00000, 0x00000006f9c00000)
  object space 21504K, 67% used [0x00000006f4a00000,0x00000006f5847458,0x00000006f5f00000)
}
Event: 175.892 GC heap before
{Heap before GC invocations=5 (full 0):
 PSYoungGen      total 142848K, used 142847K [0x00000007a8900000, 0x00000007b1f00000, 0x0000000800000000)
  eden space 132096K, 100% used [0x00000007a8900000,0x00000007b0a00000,0x00000007b0a00000)
  from space 10752K, 99% used [0x00000007b1480000,0x00000007b1effdd8,0x00000007b1f00000)
  to   space 10752K, 0% used [0x00000007b0a00000,0x00000007b0a00000,0x00000007b1480000)
 ParOldGen       total 175104K, used 17496K [0x00000006f9c00000, 0x0000000704700000, 0x00000007a8900000)
  object space 175104K, 9% used [0x00000006f9c00000,0x00000006fad16010,0x0000000704700000)
 PSPermGen       total 21504K, used 14801K [0x00000006f4a00000, 0x00000006f5f00000, 0x00000006f9c00000)
  object space 21504K, 68% used [0x00000006f4a00000,0x00000006f58744f8,0x00000006f5f00000)
Event: 175.914 GC heap after
Heap after GC invocations=5 (full 0):
 PSYoungGen      total 142848K, used 10749K [0x00000007a8900000, 0x00000007bb300000, 0x0000000800000000)
  eden space 132096K, 0% used [0x00000007a8900000,0x00000007a8900000,0x00000007b0a00000)
  from space 10752K, 99% used [0x00000007b0a00000,0x00000007b147f4c0,0x00000007b1480000)
  to   space 20480K, 0% used [0x00000007b9f00000,0x00000007b9f00000,0x00000007bb300000)
 ParOldGen       total 175104K, used 19694K [0x00000006f9c00000, 0x0000000704700000, 0x00000007a8900000)
  object space 175104K, 11% used [0x00000006f9c00000,0x00000006faf3b978,0x0000000704700000)
 PSPermGen       total 21504K, used 14801K [0x00000006f4a00000, 0x00000006f5f00000, 0x00000006f9c00000)
  object space 21504K, 68% used [0x00000006f4a00000,0x00000006f58744f8,0x00000006f5f00000)
}
Event: 235.959 GC heap before
{Heap before GC invocations=6 (full 0):
 PSYoungGen      total 142848K, used 142845K [0x00000007a8900000, 0x00000007bb300000, 0x0000000800000000)
  eden space 132096K, 100% used [0x00000007a8900000,0x00000007b0a00000,0x00000007b0a00000)
  from space 10752K, 99% used [0x00000007b0a00000,0x00000007b147f4c0,0x00000007b1480000)
  to   space 20480K, 0% used [0x00000007b9f00000,0x00000007b9f00000,0x00000007bb300000)
 ParOldGen       total 175104K, used 19694K [0x00000006f9c00000, 0x0000000704700000, 0x00000007a8900000)
  object space 175104K, 11% used [0x00000006f9c00000,0x00000006faf3b978,0x0000000704700000)
 PSPermGen       total 21504K, used 14854K [0x00000006f4a00000, 0x00000006f5f00000, 0x00000006f9c00000)
  object space 21504K, 69% used [0x00000006f4a00000,0x00000006f5881b20,0x00000006f5f00000)
Event: 235.998 GC heap after
Heap after GC invocations=6 (full 0):
 PSYoungGen      total 282624K, used 14132K [0x00000007a8900000, 0x00000007bb100000, 0x0000000800000000)
  eden space 264192K, 0% used [0x00000007a8900000,0x00000007a8900000,0x00000007b8b00000)
  from space 18432K, 76% used [0x00000007b9f00000,0x00000007baccd1c0,0x00000007bb100000)
  to   space 19456K, 0% used [0x00000007b8b00000,0x00000007b8b00000,0x00000007b9e00000)
 ParOldGen       total 175104K, used 19694K [0x00000006f9c00000, 0x0000000704700000, 0x00000007a8900000)
  object space 175104K, 11% used [0x00000006f9c00000,0x00000006faf3b978,0x0000000704700000)
 PSPermGen       total 21504K, used 14854K [0x00000006f4a00000, 0x00000006f5f00000, 0x00000006f9c00000)
  object space 21504K, 69% used [0x00000006f4a00000,0x00000006f5881b20,0x00000006f5f00000)
}

